<?xml version="1.0" encoding="UTF-8"?>
<!-- Generated by org.testng.reporters.JUnitXMLReporter -->
<testsuite ignored="0" hostname="DESKTOP-4NPO5VH" failures="0" tests="4" name="Default test" time="5.258" errors="0" timestamp="2023-07-07T11:02:55 IST">
  <testcase classname="tests.CalculatorSoapAPI" name="AddSoapAPI" time="2.876"/>
  <testcase classname="tests.CalculatorSoapAPI" name="SubtractSoapAPI" time="1.187"/>
  <testcase classname="tests.CalculatorSoapAPI" name="MultiplySoapAPI" time="0.576"/>
  <testcase classname="tests.CalculatorSoapAPI" name="DivideSoapAPI" time="0.581"/>
</testsuite> <!-- Default test -->
