<?xml version="1.0" encoding="UTF-8"?>
<!-- Generated by org.testng.reporters.JUnitXMLReporter -->
<testsuite ignored="0" hostname="DESKTOP-4NPO5VH" failures="0" tests="4" name="Default test" time="6.244" errors="0" timestamp="2023-07-07T14:49:20 IST">
  <testcase classname="tests.CalculatorSoapAPI" name="AddSoapAPI" time="2.671"/>
  <testcase classname="tests.CalculatorSoapAPI" name="SubtractSoapAPI" time="1.186"/>
  <testcase classname="tests.CalculatorSoapAPI" name="MultiplySoapAPI" time="0.585"/>
  <testcase classname="tests.CalculatorSoapAPI" name="DivideSoapAPI" time="1.768"/>
</testsuite> <!-- Default test -->
