<?xml version="1.0" encoding="UTF-8"?>
<!-- Generated by org.testng.reporters.JUnitXMLReporter -->
<testsuite ignored="0" hostname="DESKTOP-4NPO5VH" failures="0" tests="4" name="Test" time="6.37" errors="0" timestamp="2023-07-07T15:27:28 IST">
  <testcase classname="tests.CalculatorSoapAPI" name="AddSoapAPI" time="2.613"/>
  <testcase classname="tests.CalculatorSoapAPI" name="SubtractSoapAPI" time="1.235"/>
  <testcase classname="tests.CalculatorSoapAPI" name="MultiplySoapAPI" time="0.616"/>
  <testcase classname="tests.CalculatorSoapAPI" name="DivideSoapAPI" time="1.871"/>
</testsuite> <!-- Test -->
