<?xml version="1.0" encoding="UTF-8"?>
<!-- Generated by org.testng.reporters.JUnitXMLReporter -->
<testsuite ignored="0" hostname="DESKTOP-4NPO5VH" failures="0" tests="4" name="Test" time="9.381" errors="0" timestamp="2023-07-07T15:34:04 IST">
  <testcase classname="tests.CalculatorSoapAPI" name="AddSoapAPI" time="2.61"/>
  <testcase classname="tests.CalculatorSoapAPI" name="SubtractSoapAPI" time="4.289"/>
  <testcase classname="tests.CalculatorSoapAPI" name="MultiplySoapAPI" time="0.619"/>
  <testcase classname="tests.CalculatorSoapAPI" name="DivideSoapAPI" time="1.832"/>
</testsuite> <!-- Test -->
