<?xml version="1.0" encoding="UTF-8"?>
<testng-results ignored="0" total="4" passed="4" failed="0" skipped="0">
  <reporter-output>
  </reporter-output>
  <suite started-at="2023-07-07T15:33:55 IST" name="Suite" finished-at="2023-07-07T15:34:04 IST" duration-ms="9381">
    <groups>
    </groups>
    <test started-at="2023-07-07T15:33:55 IST" name="Test" finished-at="2023-07-07T15:34:04 IST" duration-ms="9381">
      <class name="tests.CalculatorSoapAPI">
        <test-method signature="AddSoapAPI()[pri:1, instance:tests.CalculatorSoapAPI@5bd03f44]" started-at="2023-07-07T15:33:55 IST" name="AddSoapAPI" finished-at="2023-07-07T15:33:57 IST" duration-ms="2610" status="PASS">
          <reporter-output>
          </reporter-output>
        </test-method> <!-- AddSoapAPI -->
        <test-method signature="SubtractSoapAPI()[pri:2, instance:tests.CalculatorSoapAPI@5bd03f44]" started-at="2023-07-07T15:33:57 IST" name="SubtractSoapAPI" finished-at="2023-07-07T15:34:02 IST" duration-ms="4289" status="PASS">
          <reporter-output>
          </reporter-output>
        </test-method> <!-- SubtractSoapAPI -->
        <test-method signature="MultiplySoapAPI()[pri:3, instance:tests.CalculatorSoapAPI@5bd03f44]" started-at="2023-07-07T15:34:02 IST" name="MultiplySoapAPI" finished-at="2023-07-07T15:34:02 IST" duration-ms="619" status="PASS">
          <reporter-output>
          </reporter-output>
        </test-method> <!-- MultiplySoapAPI -->
        <test-method signature="DivideSoapAPI()[pri:4, instance:tests.CalculatorSoapAPI@5bd03f44]" started-at="2023-07-07T15:34:02 IST" name="DivideSoapAPI" finished-at="2023-07-07T15:34:04 IST" duration-ms="1832" status="PASS">
          <reporter-output>
          </reporter-output>
        </test-method> <!-- DivideSoapAPI -->
      </class> <!-- tests.CalculatorSoapAPI -->
    </test> <!-- Test -->
  </suite> <!-- Suite -->
</testng-results>
