<?xml version="1.0" encoding="UTF-8"?>
<testsuite xmlns:xsi="http://www.w3.org/2001/XMLSchema-instance" xsi:noNamespaceSchemaLocation="https://maven.apache.org/surefire/maven-surefire-plugin/xsd/surefire-test-report-3.0.xsd" version="3.0" name="TestSuite" time="9.733" tests="4" errors="0" skipped="0" failures="0">
  <properties>
[...]
</properties>
  <testcase name="AddSoapAPI" classname="tests.CalculatorSoapAPI" time="2.612">
    <system-out><![CDATA[
This is the ADD API response
	>> File Exists
HTTP/1.1 200 OK
Cache-Control: private, max-age=0
Content-Type: text/xml; charset=utf-8
Content-Encoding: gzip
Vary: Accept-Encoding
Server: Microsoft-IIS/10.0
X-AspNet-Version: 2.0.50727
X-Powered-By: ASP.NET
X-Powered-By-Plesk: PleskWin
Date: Fri, 07 Jul 2023 10:03:55 GMT
Content-Length: 348

<soap:Envelope xmlns:soap="http://schemas.xmlsoap.org/soap/envelope/" xmlns:xsi="http://www.w3.org/2001/XMLSchema-instance" xmlns:xsd="http://www.w3.org/2001/XMLSchema">
  <soap:Body>
    <AddResponse xmlns="http://tempuri.org/">
      <AddResult>5</AddResult>
    </AddResponse>
  </soap:Body>
</soap:Envelope>


Status code: 200
AddResult: 5
]]></system-out>
    <system-err><![CDATA[SLF4J: Failed to load class "org.slf4j.impl.StaticLoggerBinder".
SLF4J: Defaulting to no-operation (NOP) logger implementation
SLF4J: See http://www.slf4j.org/codes.html#StaticLoggerBinder for further details.
]]></system-err>
  </testcase>
  <testcase name="SubtractSoapAPI" classname="tests.CalculatorSoapAPI" time="4.288">
    <system-out><![CDATA[

This is the SUBTRACT API response
	>> File Exists
HTTP/1.1 200 OK
Cache-Control: private, max-age=0
Content-Type: text/xml; charset=utf-8
Content-Encoding: gzip
Vary: Accept-Encoding
Server: Microsoft-IIS/10.0
X-AspNet-Version: 2.0.50727
X-Powered-By: ASP.NET
X-Powered-By-Plesk: PleskWin
Date: Fri, 07 Jul 2023 10:04:01 GMT
Content-Length: 368

<soap:Envelope xmlns:soap="http://schemas.xmlsoap.org/soap/envelope/" xmlns:xsi="http://www.w3.org/2001/XMLSchema-instance" xmlns:xsd="http://www.w3.org/2001/XMLSchema">
  <soap:Body>
    <SubtractResponse xmlns="http://tempuri.org/">
      <SubtractResult>8</SubtractResult>
    </SubtractResponse>
  </soap:Body>
</soap:Envelope>


SubtractResult: 8
]]></system-out>
  </testcase>
  <testcase name="MultiplySoapAPI" classname="tests.CalculatorSoapAPI" time="0.62">
    <system-out><![CDATA[

This is the MULTIPLY API response
	>> File Exists
HTTP/1.1 200 OK
Cache-Control: private, max-age=0
Content-Type: text/xml; charset=utf-8
Content-Encoding: gzip
Vary: Accept-Encoding
Server: Microsoft-IIS/10.0
X-AspNet-Version: 2.0.50727
X-Powered-By: ASP.NET
X-Powered-By-Plesk: PleskWin
Date: Fri, 07 Jul 2023 10:04:02 GMT
Content-Length: 369

<soap:Envelope xmlns:soap="http://schemas.xmlsoap.org/soap/envelope/" xmlns:xsi="http://www.w3.org/2001/XMLSchema-instance" xmlns:xsd="http://www.w3.org/2001/XMLSchema">
  <soap:Body>
    <MultiplyResponse xmlns="http://tempuri.org/">
      <MultiplyResult>25</MultiplyResult>
    </MultiplyResponse>
  </soap:Body>
</soap:Envelope>
]]></system-out>
  </testcase>
  <testcase name="DivideSoapAPI" classname="tests.CalculatorSoapAPI" time="1.832">
    <system-out><![CDATA[

This is the DIVIDE API response
	>> File Exists
HTTP/1.1 200 OK
Cache-Control: private, max-age=0
Content-Type: text/xml; charset=utf-8
Content-Encoding: gzip
Vary: Accept-Encoding
Server: Microsoft-IIS/10.0
X-AspNet-Version: 2.0.50727
X-Powered-By: ASP.NET
X-Powered-By-Plesk: PleskWin
Date: Fri, 07 Jul 2023 10:04:02 GMT
Content-Length: 360

<soap:Envelope xmlns:soap="http://schemas.xmlsoap.org/soap/envelope/" xmlns:xsi="http://www.w3.org/2001/XMLSchema-instance" xmlns:xsd="http://www.w3.org/2001/XMLSchema">
  <soap:Body>
    <DivideResponse xmlns="http://tempuri.org/">
      <DivideResult>5</DivideResult>
    </DivideResponse>
  </soap:Body>
</soap:Envelope>
HTTP/1.1 200 OK
Cache-Control: private, max-age=0
Content-Type: text/xml; charset=utf-8
Content-Encoding: gzip
Vary: Accept-Encoding
Server: Microsoft-IIS/10.0
X-AspNet-Version: 2.0.50727
X-Powered-By: ASP.NET
X-Powered-By-Plesk: PleskWin
Date: Fri, 07 Jul 2023 10:04:03 GMT
Content-Length: 360

<soap:Envelope xmlns:soap="http://schemas.xmlsoap.org/soap/envelope/" xmlns:xsi="http://www.w3.org/2001/XMLSchema-instance" xmlns:xsd="http://www.w3.org/2001/XMLSchema">
  <soap:Body>
    <DivideResponse xmlns="http://tempuri.org/">
      <DivideResult>5</DivideResult>
    </DivideResponse>
  </soap:Body>
</soap:Envelope>
HTTP/1.1 200 OK
Cache-Control: private, max-age=0
Content-Type: text/xml; charset=utf-8
Content-Encoding: gzip
Vary: Accept-Encoding
Server: Microsoft-IIS/10.0
X-AspNet-Version: 2.0.50727
X-Powered-By: ASP.NET
X-Powered-By-Plesk: PleskWin
Date: Fri, 07 Jul 2023 10:04:03 GMT
Content-Length: 360

<soap:Envelope xmlns:soap="http://schemas.xmlsoap.org/soap/envelope/" xmlns:xsi="http://www.w3.org/2001/XMLSchema-instance" xmlns:xsd="http://www.w3.org/2001/XMLSchema">
  <soap:Body>
    <DivideResponse xmlns="http://tempuri.org/">
      <DivideResult>5</DivideResult>
    </DivideResponse>
  </soap:Body>
</soap:Envelope>
]]></system-out>
  </testcase>
</testsuite>