<?xml version="1.0" encoding="UTF-8"?>
<testng-results ignored="0" total="4" passed="4" failed="0" skipped="0">
  <reporter-output>
  </reporter-output>
  <suite started-at="2023-07-07T11:02:50 IST" name="Default suite" finished-at="2023-07-07T11:02:55 IST" duration-ms="5258">
    <groups>
    </groups>
    <test started-at="2023-07-07T11:02:50 IST" name="Default test" finished-at="2023-07-07T11:02:55 IST" duration-ms="5258">
      <class name="tests.CalculatorSoapAPI">
        <test-method signature="AddSoapAPI()[pri:1, instance:tests.CalculatorSoapAPI@5b239d7d]" started-at="2023-07-07T11:02:50 IST" name="AddSoapAPI" finished-at="2023-07-07T11:02:53 IST" duration-ms="2876" status="PASS">
          <reporter-output>
          </reporter-output>
        </test-method> <!-- AddSoapAPI -->
        <test-method signature="SubtractSoapAPI()[pri:2, instance:tests.CalculatorSoapAPI@5b239d7d]" started-at="2023-07-07T11:02:53 IST" name="SubtractSoapAPI" finished-at="2023-07-07T11:02:54 IST" duration-ms="1187" status="PASS">
          <reporter-output>
          </reporter-output>
        </test-method> <!-- SubtractSoapAPI -->
        <test-method signature="MultiplySoapAPI()[pri:3, instance:tests.CalculatorSoapAPI@5b239d7d]" started-at="2023-07-07T11:02:54 IST" name="MultiplySoapAPI" finished-at="2023-07-07T11:02:54 IST" duration-ms="576" status="PASS">
          <reporter-output>
          </reporter-output>
        </test-method> <!-- MultiplySoapAPI -->
        <test-method signature="DivideSoapAPI()[pri:4, instance:tests.CalculatorSoapAPI@5b239d7d]" started-at="2023-07-07T11:02:54 IST" name="DivideSoapAPI" finished-at="2023-07-07T11:02:55 IST" duration-ms="581" status="PASS">
          <reporter-output>
          </reporter-output>
        </test-method> <!-- DivideSoapAPI -->
      </class> <!-- tests.CalculatorSoapAPI -->
    </test> <!-- Default test -->
  </suite> <!-- Default suite -->
</testng-results>
